<?xml version="1.0" encoding="UTF-8"?>
<!-- Generated by org.testng.reporters.JUnitReportReporter -->
<testsuite hostname="FL-7B" failures="0" tests="1" name="CBSV2Automation.RunAutomation" time="877.191" errors="0" timestamp="2025-02-25T10:46:28 IST" skipped="0">
  <testcase classname="CBSV2Automation.RunAutomation" name="Login" time="877.191"/>
  <system-out/>
</testsuite> <!-- CBSV2Automation.RunAutomation -->
